[debug] [2023-07-16T21:30:24.533Z] ----------------------------------------------------------------------
[debug] [2023-07-16T21:30:24.535Z] Command:       C:\Program Files\nodejs\node.exe C:\Users\91705\AppData\Roaming\npm\node_modules\firebase-tools\lib\bin\firebase.js emulators:start
[debug] [2023-07-16T21:30:24.535Z] CLI Version:   12.4.3
[debug] [2023-07-16T21:30:24.536Z] Platform:      win32
[debug] [2023-07-16T21:30:24.536Z] Node Version:  v18.14.0
[debug] [2023-07-16T21:30:24.537Z] Time:          Mon Jul 17 2023 03:00:24 GMT+0530 (India Standard Time)
[debug] [2023-07-16T21:30:24.537Z] ----------------------------------------------------------------------
[debug] 
[debug] [2023-07-16T21:30:24.610Z] Field ".emulators.functions.port" in "firebase.json" is possibly invalid: should be number
[debug] [2023-07-16T21:30:24.614Z] > command requires scopes: ["email","openid","https://www.googleapis.com/auth/cloudplatformprojects.readonly","https://www.googleapis.com/auth/firebase","https://www.googleapis.com/auth/cloud-platform"]
[debug] [2023-07-16T21:30:24.615Z] > authorizing via signed-in user (pawansinghrawatis@gmail.com)
[info] i  emulators: Starting emulators: functions {"metadata":{"emulator":{"name":"hub"},"message":"Starting emulators: functions"}}
[warn] !  hub: emulator hub unable to start on port 4400, starting on 4401 instead. {"metadata":{"emulator":{"name":"hub"},"message":"emulator hub unable to start on port 4400, starting on 4401 instead."}}
[warn] !  logging: Logging Emulator unable to start on port 4500, starting on 4501 instead. {"metadata":{"emulator":{"name":"logging"},"message":"Logging Emulator unable to start on port 4500, starting on 4501 instead."}}
[debug] [2023-07-16T21:30:24.633Z] [logging] Logging Emulator only supports listening on one address (127.0.0.1). Not listening on ::1
[warn] !  ui: Emulator UI unable to start on port 4000, starting on 4005 instead. {"metadata":{"emulator":{"name":"ui"},"message":"Emulator UI unable to start on port 4000, starting on 4005 instead."}}
[debug] [2023-07-16T21:30:24.637Z] assigned listening specs for emulators {"user":{"hub":[{"address":"127.0.0.1","family":"IPv4","port":4401},{"address":"::1","family":"IPv6","port":4401}],"logging":[{"address":"127.0.0.1","family":"IPv4","port":4501}],"ui":[{"address":"127.0.0.1","family":"IPv4","port":4005},{"address":"::1","family":"IPv6","port":4005}]},"metadata":{"message":"assigned listening specs for emulators"}}
[debug] [2023-07-16T21:30:24.652Z] [hub] writing locator at C:\Users\91705\AppData\Local\Temp\hub-clone-96208.json
[debug] [2023-07-16T21:30:24.681Z] [functions] Functions Emulator only supports listening on one address (127.0.0.1). Not listening on ::1
[warn] !  eventarc: Eventarc Emulator unable to start on port 9299, starting on 9300 instead. {"metadata":{"emulator":{"name":"eventarc"},"message":"Eventarc Emulator unable to start on port 9299, starting on 9300 instead."}}
[debug] [2023-07-16T21:30:24.685Z] [eventarc] Eventarc Emulator only supports listening on one address (127.0.0.1). Not listening on ::1
[debug] [2023-07-16T21:30:24.685Z] late-assigned ports for functions and eventarc emulators {"user":{"hub":[{"address":"127.0.0.1","family":"IPv4","port":4401},{"address":"::1","family":"IPv6","port":4401}],"logging":[{"address":"127.0.0.1","family":"IPv4","port":4501}],"ui":[{"address":"127.0.0.1","family":"IPv4","port":4005},{"address":"::1","family":"IPv6","port":4005}],"functions":[{"address":"127.0.0.1","family":"IPv4","port":9001}],"eventarc":[{"address":"127.0.0.1","family":"IPv4","port":9300}]},"metadata":{"message":"late-assigned ports for functions and eventarc emulators"}}
[warn] !  functions: The following emulators are not running, calls to these services from the Functions emulator will affect production: auth, firestore, database, hosting, pubsub, storage {"metadata":{"emulator":{"name":"functions"},"message":"The following emulators are not running, calls to these services from the Functions emulator will affect production: \u001b[1mauth, firestore, database, hosting, pubsub, storage\u001b[22m"}}
[debug] [2023-07-16T21:30:24.694Z] defaultcredentials: writing to file C:\Users\91705\AppData\Roaming\firebase\pawansinghrawatis_gmail_com_application_default_credentials.json
[debug] [2023-07-16T21:30:24.703Z] Setting GAC to C:\Users\91705\AppData\Roaming\firebase\pawansinghrawatis_gmail_com_application_default_credentials.json {"metadata":{"emulator":{"name":"functions"},"message":"Setting GAC to C:\\Users\\91705\\AppData\\Roaming\\firebase\\pawansinghrawatis_gmail_com_application_default_credentials.json"}}
[debug] [2023-07-16T21:30:24.705Z] > refreshing access token with scopes: []
[debug] [2023-07-16T21:30:24.707Z] >>> [apiv2][query] POST https://www.googleapis.com/oauth2/v3/token [none]
[debug] [2023-07-16T21:30:24.708Z] >>> [apiv2][body] POST https://www.googleapis.com/oauth2/v3/token [omitted]
[debug] [2023-07-16T21:30:25.435Z] <<< [apiv2][status] POST https://www.googleapis.com/oauth2/v3/token 200
[debug] [2023-07-16T21:30:25.435Z] <<< [apiv2][body] POST https://www.googleapis.com/oauth2/v3/token [omitted]
[debug] [2023-07-16T21:30:25.446Z] >>> [apiv2][query] GET https://firebase.googleapis.com/v1beta1/projects/clone-96208/adminSdkConfig [none]
[debug] [2023-07-16T21:30:26.451Z] <<< [apiv2][status] GET https://firebase.googleapis.com/v1beta1/projects/clone-96208/adminSdkConfig 200
[debug] [2023-07-16T21:30:26.452Z] <<< [apiv2][body] GET https://firebase.googleapis.com/v1beta1/projects/clone-96208/adminSdkConfig {"projectId":"clone-96208","storageBucket":"clone-96208.appspot.com"}
[debug] [2023-07-16T21:30:26.470Z] Ignoring unsupported arg: auto_download {"metadata":{"emulator":{"name":"ui"},"message":"Ignoring unsupported arg: auto_download"}}
[debug] [2023-07-16T21:30:26.470Z] Ignoring unsupported arg: port {"metadata":{"emulator":{"name":"ui"},"message":"Ignoring unsupported arg: port"}}
[debug] [2023-07-16T21:30:26.471Z] Starting Emulator UI with command {"binary":"node","args":["C:\\Users\\91705\\.cache\\firebase\\emulators\\ui-v1.11.7\\server\\server.js"],"optionalArgs":[],"joinArgs":false} {"metadata":{"emulator":{"name":"ui"},"message":"Starting Emulator UI with command {\"binary\":\"node\",\"args\":[\"C:\\\\Users\\\\91705\\\\.cache\\\\firebase\\\\emulators\\\\ui-v1.11.7\\\\server\\\\server.js\"],\"optionalArgs\":[],\"joinArgs\":false}"}}
[info] i  ui: Emulator UI logging to ui-debug.log {"metadata":{"emulator":{"name":"ui"},"message":"Emulator UI logging to \u001b[1mui-debug.log\u001b[22m"}}
[debug] [2023-07-16T21:30:26.616Z] Web / API server started at 127.0.0.1:4005
 {"metadata":{"emulator":{"name":"ui"},"message":"Web / API server started at 127.0.0.1:4005\n"}}
[debug] [2023-07-16T21:30:26.616Z] Web / API server started at ::1:4005
 {"metadata":{"emulator":{"name":"ui"},"message":"Web / API server started at ::1:4005\n"}}
[info] i  functions: Watching "D:\web projects\amazon-clone\functions" for Cloud Functions... {"metadata":{"emulator":{"name":"functions"},"message":"Watching \"D:\\web projects\\amazon-clone\\functions\" for Cloud Functions..."}}
[debug] [2023-07-16T21:30:26.746Z] Validating nodejs source
[debug] [2023-07-16T21:30:29.009Z] > [functions] package.json contents: {
  "name": "functions",
  "description": "Cloud Functions for Firebase",
  "scripts": {
    "lint": "eslint .",
    "serve": "firebase emulators:start --only functions",
    "shell": "firebase functions:shell",
    "start": "npm run shell",
    "deploy": "firebase deploy --only functions",
    "logs": "firebase functions:log"
  },
  "engines": {
    "node": "18"
  },
  "main": "index.js",
  "dependencies": {
    "cors": "^2.8.5",
    "express": "^4.18.2",
    "firebase-admin": "^11.8.0",
    "firebase-functions": "^4.3.1",
    "sors": "^1.0.2",
    "stripe": "^12.13.0"
  },
  "devDependencies": {
    "eslint": "^8.15.0",
    "eslint-config-google": "^0.14.0",
    "firebase-functions-test": "^3.1.0"
  },
  "private": true
}
[debug] [2023-07-16T21:30:29.010Z] Building nodejs source
[debug] [2023-07-16T21:30:29.010Z] Failed to find version of module node: reached end of search path D:\web projects\amazon-clone\functions\node_modules
[info] +  functions: Using node@18 from host. 
[debug] [2023-07-16T21:30:29.012Z] Could not find functions.yaml. Must use http discovery
[debug] [2023-07-16T21:30:29.024Z] Found firebase-functions binary at 'D:\web projects\amazon-clone\functions\node_modules\.bin\firebase-functions'
[info] Serving at port 8610

[debug] [2023-07-16T21:30:30.186Z] Got response from /__/functions.yaml {"endpoints":{"api":{"platform":"gcfv1","availableMemoryMb":null,"timeoutSeconds":null,"minInstances":null,"maxInstances":null,"ingressSettings":null,"serviceAccountEmail":null,"vpc":null,"httpsTrigger":{},"entryPoint":"api"}},"specVersion":"v1alpha1","requiredAPIs":[]}
[info] shutdown requested via /__/quitquitquit

[info] +  functions: Loaded functions definitions from source: api. {"metadata":{"emulator":{"name":"functions"},"message":"Loaded functions definitions from source: api."}}
[info] +  functions[us-central1-api]: http function initialized (http://127.0.0.1:9001/clone-96208/us-central1/api). {"metadata":{"emulator":{"name":"functions"},"message":"\u001b[1mhttp\u001b[22m function initialized (http://127.0.0.1:9001/clone-96208/us-central1/api)."}}
[info] 
┌─────────────────────────────────────────────────────────────┐
│ ✔  All emulators ready! It is now safe to connect your app. │
│ i  View Emulator UI at http://127.0.0.1:4005/               │
└─────────────────────────────────────────────────────────────┘

┌───────────┬────────────────┬─────────────────────────────────┐
│ Emulator  │ Host:Port      │ View in Emulator UI             │
├───────────┼────────────────┼─────────────────────────────────┤
│ Functions │ 127.0.0.1:9001 │ http://127.0.0.1:4005/functions │
└───────────┴────────────────┴─────────────────────────────────┘
  Emulator Hub running at 127.0.0.1:4401
  Other reserved ports: 4501

Issues? Report them at https://github.com/firebase/firebase-tools/issues and attach the *-debug.log files.
 
[debug] [2023-07-16T21:30:48.210Z] [work-queue] {"queuedWork":["/clone-96208/us-central1/api-2023-07-16T21:30:48.210Z"],"queueLength":1,"runningWork":[],"workRunningCount":0}
[debug] [2023-07-16T21:30:48.210Z] [work-queue] {"queuedWork":[],"queueLength":0,"runningWork":["/clone-96208/us-central1/api-2023-07-16T21:30:48.210Z"],"workRunningCount":1}
[debug] [2023-07-16T21:30:48.211Z] Accepted request GET /clone-96208/us-central1/api --> us-central1-api
[debug] [2023-07-16T21:30:48.212Z] [functions] Runtime ready! Sending request! {"metadata":{"emulator":{"name":"functions"},"message":"[functions] Runtime ready! Sending request!"}}
[debug] [2023-07-16T21:30:48.212Z] [functions] Got req.url=/clone-96208/us-central1/api, mapping to path=/ {"metadata":{"emulator":{"name":"functions"},"message":"[functions] Got req.url=/clone-96208/us-central1/api, mapping to path=/"}}
[debug] [2023-07-16T21:30:48.230Z] [worker-pool] addWorker(us-central1-api) {"metadata":{"emulator":{"name":"functions"},"message":"[worker-pool] addWorker(us-central1-api)"}}
[debug] [2023-07-16T21:30:48.231Z] [worker-pool] Adding worker with key us-central1-api, total=1 {"metadata":{"emulator":{"name":"functions"},"message":"[worker-pool] Adding worker with key us-central1-api, total=1"}}
[debug] [2023-07-16T21:30:50.332Z] [runtime-status] [12276] Resolved module firebase-admin {"declared":true,"installed":true,"version":"11.10.1","resolution":"D:\\web projects\\amazon-clone\\functions\\node_modules\\firebase-admin\\lib\\index.js"} {"metadata":{"emulator":{"name":"functions"},"function":{"name":"us-central1-api"},"extension":{},"message":"[runtime-status] [12276] Resolved module firebase-admin {\"declared\":true,\"installed\":true,\"version\":\"11.10.1\",\"resolution\":\"D:\\\\web projects\\\\amazon-clone\\\\functions\\\\node_modules\\\\firebase-admin\\\\lib\\\\index.js\"}"}}
[debug] [2023-07-16T21:30:50.333Z] [runtime-status] [12276] Resolved module firebase-functions {"declared":true,"installed":true,"version":"4.4.1","resolution":"D:\\web projects\\amazon-clone\\functions\\node_modules\\firebase-functions\\lib\\v1\\index.js"} {"metadata":{"emulator":{"name":"functions"},"function":{"name":"us-central1-api"},"extension":{},"message":"[runtime-status] [12276] Resolved module firebase-functions {\"declared\":true,\"installed\":true,\"version\":\"4.4.1\",\"resolution\":\"D:\\\\web projects\\\\amazon-clone\\\\functions\\\\node_modules\\\\firebase-functions\\\\lib\\\\v1\\\\index.js\"}"}}
[debug] [2023-07-16T21:30:50.334Z] [runtime-status] [12276] Outgoing network have been stubbed. [{"name":"http","status":"mocked"},{"name":"http","status":"mocked"},{"name":"https","status":"mocked"},{"name":"https","status":"mocked"},{"name":"net","status":"mocked"}] {"metadata":{"emulator":{"name":"functions"},"function":{"name":"us-central1-api"},"extension":{},"message":"[runtime-status] [12276] Outgoing network have been stubbed. [{\"name\":\"http\",\"status\":\"mocked\"},{\"name\":\"http\",\"status\":\"mocked\"},{\"name\":\"https\",\"status\":\"mocked\"},{\"name\":\"https\",\"status\":\"mocked\"},{\"name\":\"net\",\"status\":\"mocked\"}]"}}
[debug] [2023-07-16T21:30:50.335Z] [runtime-status] [12276] Resolved module firebase-functions {"declared":true,"installed":true,"version":"4.4.1","resolution":"D:\\web projects\\amazon-clone\\functions\\node_modules\\firebase-functions\\lib\\v1\\index.js"} {"metadata":{"emulator":{"name":"functions"},"function":{"name":"us-central1-api"},"extension":{},"message":"[runtime-status] [12276] Resolved module firebase-functions {\"declared\":true,\"installed\":true,\"version\":\"4.4.1\",\"resolution\":\"D:\\\\web projects\\\\amazon-clone\\\\functions\\\\node_modules\\\\firebase-functions\\\\lib\\\\v1\\\\index.js\"}"}}
[debug] [2023-07-16T21:30:50.708Z] [runtime-status] [12276] Checked functions.config() {"config":{}} {"metadata":{"emulator":{"name":"functions"},"function":{"name":"us-central1-api"},"extension":{},"message":"[runtime-status] [12276] Checked functions.config() {\"config\":{}}"}}
[debug] [2023-07-16T21:30:50.708Z] [runtime-status] [12276] firebase-functions has been stubbed. {"functionsResolution":{"declared":true,"installed":true,"version":"4.4.1","resolution":"D:\\web projects\\amazon-clone\\functions\\node_modules\\firebase-functions\\lib\\v1\\index.js"}} {"metadata":{"emulator":{"name":"functions"},"function":{"name":"us-central1-api"},"extension":{},"message":"[runtime-status] [12276] firebase-functions has been stubbed. {\"functionsResolution\":{\"declared\":true,\"installed\":true,\"version\":\"4.4.1\",\"resolution\":\"D:\\\\web projects\\\\amazon-clone\\\\functions\\\\node_modules\\\\firebase-functions\\\\lib\\\\v1\\\\index.js\"}}"}}
[debug] [2023-07-16T21:30:50.709Z] [runtime-status] [12276] Resolved module firebase-functions {"declared":true,"installed":true,"version":"4.4.1","resolution":"D:\\web projects\\amazon-clone\\functions\\node_modules\\firebase-functions\\lib\\v1\\index.js"} {"metadata":{"emulator":{"name":"functions"},"function":{"name":"us-central1-api"},"extension":{},"message":"[runtime-status] [12276] Resolved module firebase-functions {\"declared\":true,\"installed\":true,\"version\":\"4.4.1\",\"resolution\":\"D:\\\\web projects\\\\amazon-clone\\\\functions\\\\node_modules\\\\firebase-functions\\\\lib\\\\v1\\\\index.js\"}"}}
[debug] [2023-07-16T21:30:50.710Z] [runtime-status] [12276] Resolved module firebase-admin {"declared":true,"installed":true,"version":"11.10.1","resolution":"D:\\web projects\\amazon-clone\\functions\\node_modules\\firebase-admin\\lib\\index.js"} {"metadata":{"emulator":{"name":"functions"},"function":{"name":"us-central1-api"},"extension":{},"message":"[runtime-status] [12276] Resolved module firebase-admin {\"declared\":true,\"installed\":true,\"version\":\"11.10.1\",\"resolution\":\"D:\\\\web projects\\\\amazon-clone\\\\functions\\\\node_modules\\\\firebase-admin\\\\lib\\\\index.js\"}"}}
[debug] [2023-07-16T21:30:50.713Z] [runtime-status] [12276] Resolved module firebase-functions {"declared":true,"installed":true,"version":"4.4.1","resolution":"D:\\web projects\\amazon-clone\\functions\\node_modules\\firebase-functions\\lib\\v1\\index.js"} {"metadata":{"emulator":{"name":"functions"},"function":{"name":"us-central1-api"},"extension":{},"message":"[runtime-status] [12276] Resolved module firebase-functions {\"declared\":true,\"installed\":true,\"version\":\"4.4.1\",\"resolution\":\"D:\\\\web projects\\\\amazon-clone\\\\functions\\\\node_modules\\\\firebase-functions\\\\lib\\\\v1\\\\index.js\"}"}}
[debug] [2023-07-16T21:30:50.713Z] [runtime-status] [12276] firebase-admin has been stubbed. {"adminResolution":{"declared":true,"installed":true,"version":"11.10.1","resolution":"D:\\web projects\\amazon-clone\\functions\\node_modules\\firebase-admin\\lib\\index.js"}} {"metadata":{"emulator":{"name":"functions"},"function":{"name":"us-central1-api"},"extension":{},"message":"[runtime-status] [12276] firebase-admin has been stubbed. {\"adminResolution\":{\"declared\":true,\"installed\":true,\"version\":\"11.10.1\",\"resolution\":\"D:\\\\web projects\\\\amazon-clone\\\\functions\\\\node_modules\\\\firebase-admin\\\\lib\\\\index.js\"}}"}}
[debug] [2023-07-16T21:30:50.937Z] [runtime-status] [12276] Functions runtime initialized. {"cwd":"D:\\web projects\\amazon-clone\\functions","node_version":"18.14.0"} {"metadata":{"emulator":{"name":"functions"},"function":{"name":"us-central1-api"},"extension":{},"message":"[runtime-status] [12276] Functions runtime initialized. {\"cwd\":\"D:\\\\web projects\\\\amazon-clone\\\\functions\",\"node_version\":\"18.14.0\"}"}}
[debug] [2023-07-16T21:30:50.937Z] [runtime-status] [12276] Listening to port: \\?\pipe\fire_emu_bcfc69099d078cd2 {"metadata":{"emulator":{"name":"functions"},"function":{"name":"us-central1-api"},"extension":{},"message":"[runtime-status] [12276] Listening to port: \\\\?\\pipe\\fire_emu_bcfc69099d078cd2"}}
[debug] [2023-07-16T21:30:50.999Z] [worker-us-central1-api-cbab0e75-1df1-4979-b213-15baf77cb835]: IDLE {"metadata":{"emulator":{"name":"functions"},"function":{"name":"us-central1-api"},"extension":{},"message":"[worker-us-central1-api-cbab0e75-1df1-4979-b213-15baf77cb835]: IDLE"}}
[debug] [2023-07-16T21:30:50.999Z] [worker-pool] submitRequest(triggerId=us-central1-api) {"metadata":{"emulator":{"name":"functions"},"message":"[worker-pool] submitRequest(triggerId=us-central1-api)"}}
[info] i  functions: Beginning execution of "us-central1-api" {"metadata":{"emulator":{"name":"functions"},"function":{"name":"us-central1-api"},"extension":{},"message":"Beginning execution of \"us-central1-api\""}}
[debug] [2023-07-16T21:30:51.000Z] [worker-us-central1-api-cbab0e75-1df1-4979-b213-15baf77cb835]: BUSY {"metadata":{"emulator":{"name":"functions"},"function":{"name":"us-central1-api"},"extension":{},"message":"[worker-us-central1-api-cbab0e75-1df1-4979-b213-15baf77cb835]: BUSY"}}
[debug] [2023-07-16T21:30:51.009Z] Finishing up request with event=pause {"metadata":{"emulator":{"name":"functions"},"function":{"name":"us-central1-api"},"extension":{},"message":"Finishing up request with event=pause"}}
[info] i  functions: Finished "us-central1-api" in 9.0633ms {"metadata":{"emulator":{"name":"functions"},"function":{"name":"us-central1-api"},"extension":{},"message":"Finished \"us-central1-api\" in 9.0633ms"}}
[debug] [2023-07-16T21:30:51.011Z] [worker-us-central1-api-cbab0e75-1df1-4979-b213-15baf77cb835]: IDLE {"metadata":{"emulator":{"name":"functions"},"function":{"name":"us-central1-api"},"extension":{},"message":"[worker-us-central1-api-cbab0e75-1df1-4979-b213-15baf77cb835]: IDLE"}}
[debug] [2023-07-16T21:30:51.011Z] Finishing up request with event=finish {"metadata":{"emulator":{"name":"functions"},"function":{"name":"us-central1-api"},"extension":{},"message":"Finishing up request with event=finish"}}
[debug] [2023-07-16T21:30:51.012Z] Finishing up request with event=close {"metadata":{"emulator":{"name":"functions"},"function":{"name":"us-central1-api"},"extension":{},"message":"Finishing up request with event=close"}}
[debug] [2023-07-16T21:30:51.012Z] [work-queue] {"queuedWork":[],"queueLength":0,"runningWork":[],"workRunningCount":0}
[debug] [2023-07-16T21:30:51.042Z] Functions emulator received unknown request at path /favicon.ico
[debug] [2023-07-16T21:34:27.585Z] File D:\web projects\amazon-clone\functions\index.js changed, reloading triggers {"metadata":{"emulator":{"name":"functions"},"message":"File D:\\web projects\\amazon-clone\\functions\\index.js changed, reloading triggers"}}
[debug] [2023-07-16T21:34:28.592Z] Validating nodejs source
[debug] [2023-07-16T21:34:32.339Z] > [functions] package.json contents: {
  "name": "functions",
  "description": "Cloud Functions for Firebase",
  "scripts": {
    "lint": "eslint .",
    "serve": "firebase emulators:start --only functions",
    "shell": "firebase functions:shell",
    "start": "npm run shell",
    "deploy": "firebase deploy --only functions",
    "logs": "firebase functions:log"
  },
  "engines": {
    "node": "18"
  },
  "main": "index.js",
  "dependencies": {
    "cors": "^2.8.5",
    "express": "^4.18.2",
    "firebase-admin": "^11.8.0",
    "firebase-functions": "^4.3.1",
    "sors": "^1.0.2",
    "stripe": "^12.13.0"
  },
  "devDependencies": {
    "eslint": "^8.15.0",
    "eslint-config-google": "^0.14.0",
    "firebase-functions-test": "^3.1.0"
  },
  "private": true
}
[debug] [2023-07-16T21:34:32.340Z] Building nodejs source
[debug] [2023-07-16T21:34:32.340Z] Failed to find version of module node: reached end of search path D:\web projects\amazon-clone\functions\node_modules
[info] +  functions: Using node@18 from host. 
[debug] [2023-07-16T21:34:32.342Z] Could not find functions.yaml. Must use http discovery
[debug] [2023-07-16T21:34:32.357Z] Found firebase-functions binary at 'D:\web projects\amazon-clone\functions\node_modules\.bin\firebase-functions'
[info] Serving at port 8110

[debug] [2023-07-16T21:34:33.264Z] Got response from /__/functions.yaml {"endpoints":{"api":{"platform":"gcfv1","availableMemoryMb":null,"timeoutSeconds":null,"minInstances":null,"maxInstances":null,"ingressSettings":null,"serviceAccountEmail":null,"vpc":null,"httpsTrigger":{},"entryPoint":"api"}},"specVersion":"v1alpha1","requiredAPIs":[]}
[info] shutdown requested via /__/quitquitquit

[info] +  functions: Loaded functions definitions from source: api. {"metadata":{"emulator":{"name":"functions"},"message":"Loaded functions definitions from source: api."}}
[debug] [2023-07-16T21:34:33.287Z] [worker-pool] Shutting down IDLE worker (us-central1-api) {"metadata":{"emulator":{"name":"functions"},"message":"[worker-pool] Shutting down IDLE worker (us-central1-api)"}}
[debug] [2023-07-16T21:34:33.288Z] [worker-us-central1-api-cbab0e75-1df1-4979-b213-15baf77cb835]: FINISHING {"metadata":{"emulator":{"name":"functions"},"function":{"name":"us-central1-api"},"extension":{},"message":"[worker-us-central1-api-cbab0e75-1df1-4979-b213-15baf77cb835]: FINISHING"}}
[debug] [2023-07-16T21:34:33.300Z] [worker-us-central1-api-cbab0e75-1df1-4979-b213-15baf77cb835]: exited {"metadata":{"emulator":{"name":"functions"},"function":{"name":"us-central1-api"},"extension":{},"message":"[worker-us-central1-api-cbab0e75-1df1-4979-b213-15baf77cb835]: exited"}}
[debug] [2023-07-16T21:34:33.300Z] [worker-us-central1-api-cbab0e75-1df1-4979-b213-15baf77cb835]: FINISHED {"metadata":{"emulator":{"name":"functions"},"function":{"name":"us-central1-api"},"extension":{},"message":"[worker-us-central1-api-cbab0e75-1df1-4979-b213-15baf77cb835]: FINISHED"}}
[debug] [2023-07-16T21:34:50.544Z] File D:\web projects\amazon-clone\functions\index.js changed, reloading triggers {"metadata":{"emulator":{"name":"functions"},"message":"File D:\\web projects\\amazon-clone\\functions\\index.js changed, reloading triggers"}}
[debug] [2023-07-16T21:34:51.545Z] Validating nodejs source
[debug] [2023-07-16T21:34:54.309Z] > [functions] package.json contents: {
  "name": "functions",
  "description": "Cloud Functions for Firebase",
  "scripts": {
    "lint": "eslint .",
    "serve": "firebase emulators:start --only functions",
    "shell": "firebase functions:shell",
    "start": "npm run shell",
    "deploy": "firebase deploy --only functions",
    "logs": "firebase functions:log"
  },
  "engines": {
    "node": "18"
  },
  "main": "index.js",
  "dependencies": {
    "cors": "^2.8.5",
    "express": "^4.18.2",
    "firebase-admin": "^11.8.0",
    "firebase-functions": "^4.3.1",
    "sors": "^1.0.2",
    "stripe": "^12.13.0"
  },
  "devDependencies": {
    "eslint": "^8.15.0",
    "eslint-config-google": "^0.14.0",
    "firebase-functions-test": "^3.1.0"
  },
  "private": true
}
[debug] [2023-07-16T21:34:54.309Z] Building nodejs source
[debug] [2023-07-16T21:34:54.309Z] Failed to find version of module node: reached end of search path D:\web projects\amazon-clone\functions\node_modules
[info] +  functions: Using node@18 from host. 
[debug] [2023-07-16T21:34:54.310Z] Could not find functions.yaml. Must use http discovery
[debug] [2023-07-16T21:34:54.319Z] Found firebase-functions binary at 'D:\web projects\amazon-clone\functions\node_modules\.bin\firebase-functions'
[info] Serving at port 8472

[debug] [2023-07-16T21:34:55.317Z] Got response from /__/functions.yaml {"endpoints":{"api":{"platform":"gcfv1","availableMemoryMb":null,"timeoutSeconds":null,"minInstances":null,"maxInstances":null,"ingressSettings":null,"serviceAccountEmail":null,"vpc":null,"httpsTrigger":{},"entryPoint":"api"}},"specVersion":"v1alpha1","requiredAPIs":[]}
[info] shutdown requested via /__/quitquitquit

[info] +  functions: Loaded functions definitions from source: api. {"metadata":{"emulator":{"name":"functions"},"message":"Loaded functions definitions from source: api."}}
[debug] [2023-07-16T21:35:20.376Z] File D:\web projects\amazon-clone\functions\index.js changed, reloading triggers {"metadata":{"emulator":{"name":"functions"},"message":"File D:\\web projects\\amazon-clone\\functions\\index.js changed, reloading triggers"}}
[debug] [2023-07-16T21:35:21.391Z] Validating nodejs source
[debug] [2023-07-16T21:35:23.674Z] > [functions] package.json contents: {
  "name": "functions",
  "description": "Cloud Functions for Firebase",
  "scripts": {
    "lint": "eslint .",
    "serve": "firebase emulators:start --only functions",
    "shell": "firebase functions:shell",
    "start": "npm run shell",
    "deploy": "firebase deploy --only functions",
    "logs": "firebase functions:log"
  },
  "engines": {
    "node": "18"
  },
  "main": "index.js",
  "dependencies": {
    "cors": "^2.8.5",
    "express": "^4.18.2",
    "firebase-admin": "^11.8.0",
    "firebase-functions": "^4.3.1",
    "sors": "^1.0.2",
    "stripe": "^12.13.0"
  },
  "devDependencies": {
    "eslint": "^8.15.0",
    "eslint-config-google": "^0.14.0",
    "firebase-functions-test": "^3.1.0"
  },
  "private": true
}
[debug] [2023-07-16T21:35:23.674Z] Building nodejs source
[debug] [2023-07-16T21:35:23.674Z] Failed to find version of module node: reached end of search path D:\web projects\amazon-clone\functions\node_modules
[info] +  functions: Using node@18 from host. 
[debug] [2023-07-16T21:35:23.675Z] Could not find functions.yaml. Must use http discovery
[debug] [2023-07-16T21:35:23.684Z] Found firebase-functions binary at 'D:\web projects\amazon-clone\functions\node_modules\.bin\firebase-functions'
[info] Serving at port 8067

[debug] [2023-07-16T21:35:24.532Z] Got response from /__/functions.yaml {"endpoints":{"api":{"platform":"gcfv1","availableMemoryMb":null,"timeoutSeconds":null,"minInstances":null,"maxInstances":null,"ingressSettings":null,"serviceAccountEmail":null,"vpc":null,"httpsTrigger":{},"entryPoint":"api"}},"specVersion":"v1alpha1","requiredAPIs":[]}
[info] shutdown requested via /__/quitquitquit

[info] +  functions: Loaded functions definitions from source: api. {"metadata":{"emulator":{"name":"functions"},"message":"Loaded functions definitions from source: api."}}
[debug] [2023-07-16T21:35:48.477Z] File D:\web projects\amazon-clone\functions\index.js changed, reloading triggers {"metadata":{"emulator":{"name":"functions"},"message":"File D:\\web projects\\amazon-clone\\functions\\index.js changed, reloading triggers"}}
[debug] [2023-07-16T21:35:49.483Z] Validating nodejs source
[debug] [2023-07-16T21:35:52.215Z] > [functions] package.json contents: {
  "name": "functions",
  "description": "Cloud Functions for Firebase",
  "scripts": {
    "lint": "eslint .",
    "serve": "firebase emulators:start --only functions",
    "shell": "firebase functions:shell",
    "start": "npm run shell",
    "deploy": "firebase deploy --only functions",
    "logs": "firebase functions:log"
  },
  "engines": {
    "node": "18"
  },
  "main": "index.js",
  "dependencies": {
    "cors": "^2.8.5",
    "express": "^4.18.2",
    "firebase-admin": "^11.8.0",
    "firebase-functions": "^4.3.1",
    "sors": "^1.0.2",
    "stripe": "^12.13.0"
  },
  "devDependencies": {
    "eslint": "^8.15.0",
    "eslint-config-google": "^0.14.0",
    "firebase-functions-test": "^3.1.0"
  },
  "private": true
}
[debug] [2023-07-16T21:35:52.215Z] Building nodejs source
[debug] [2023-07-16T21:35:52.215Z] Failed to find version of module node: reached end of search path D:\web projects\amazon-clone\functions\node_modules
[info] +  functions: Using node@18 from host. 
[debug] [2023-07-16T21:35:52.217Z] Could not find functions.yaml. Must use http discovery
[debug] [2023-07-16T21:35:52.228Z] Found firebase-functions binary at 'D:\web projects\amazon-clone\functions\node_modules\.bin\firebase-functions'
[info] Serving at port 8068

[debug] [2023-07-16T21:35:53.224Z] Got response from /__/functions.yaml {"endpoints":{"api":{"platform":"gcfv1","availableMemoryMb":null,"timeoutSeconds":null,"minInstances":null,"maxInstances":null,"ingressSettings":null,"serviceAccountEmail":null,"vpc":null,"httpsTrigger":{},"entryPoint":"api"}},"specVersion":"v1alpha1","requiredAPIs":[]}
[info] shutdown requested via /__/quitquitquit

[info] +  functions: Loaded functions definitions from source: api. {"metadata":{"emulator":{"name":"functions"},"message":"Loaded functions definitions from source: api."}}
[debug] [2023-07-16T21:36:55.572Z] Received signal SIGHUP 1
